2025-04-18 21:17:12 INFO Watching for file changes with StatReloader
2025-04-18 21:17:35 INFO "GET /admin/ HTTP/1.1" 200 12024
2025-04-18 21:17:35 INFO "GET /static/admin/js/theme.js HTTP/1.1" 200 1653
2025-04-18 21:17:35 INFO "GET /static/admin/js/nav_sidebar.js HTTP/1.1" 200 3063
2025-04-18 21:17:35 WARNING Not Found: /
2025-04-18 21:17:35 WARNING "GET / HTTP/1.1" 404 2305
2025-04-18 21:17:37 WARNING Not Found: /favicon.ico
2025-04-18 21:17:37 WARNING "GET /favicon.ico HTTP/1.1" 404 2356
2025-04-18 21:17:40 INFO "GET /api/docs HTTP/1.1" 200 602
2025-04-18 21:17:41 INFO "GET /api/openapi.json HTTP/1.1" 200 11822
2025-04-18 21:18:11 INFO "GET /api/openapi.json HTTP/1.1" 200 11822
2025-04-18 21:18:46 INFO /home/zhao/test/backend/api/api.py changed, reloading.
2025-04-18 21:18:47 INFO Watching for file changes with StatReloader
2025-04-18 21:18:56 INFO /home/zhao/test/backend/api/api.py changed, reloading.
2025-04-18 21:18:57 INFO Watching for file changes with StatReloader
2025-04-21 18:18:15 INFO Watching for file changes with StatReloader
2025-04-21 18:19:40 INFO "GET /api/wbhotinfo?username=admin HTTP/1.1" 200 8030
2025-04-21 18:20:59 INFO "GET /api/wbhotwordcloud?username=admin HTTP/1.1" 200 2673
2025-04-21 18:21:01 INFO "GET /api/wbhotwordcloud?username=admin HTTP/1.1" 200 2673
2025-04-21 18:23:07 INFO "GET /api/wbhotwordcloud?username=admin HTTP/1.1" 200 2673
2025-04-21 18:23:12 INFO "GET /api/wbhotwordcloud?username=admin HTTP/1.1" 200 2673
2025-04-21 18:23:25 INFO "GET /api/wbhotinfo?username=admin HTTP/1.1" 200 8030
2025-04-21 18:23:26 INFO "GET /api/wbhotwordcloud?username=admin HTTP/1.1" 200 2673
2025-04-21 18:25:25 INFO "GET /api/wbhotwordcloud?username=admin HTTP/1.1" 200 2673
2025-04-21 18:26:06 INFO "GET /api/wbhotwordcloud?username=admin HTTP/1.1" 200 2673
2025-04-21 18:26:21 INFO "GET /api/wbhotwordcloud?username=admin HTTP/1.1" 200 2673
2025-04-21 18:26:25 INFO "GET /api/wbhotwordcloud?username=admin HTTP/1.1" 200 2673
2025-04-21 18:27:00 INFO "GET /api/wbhotinfo?username=admin HTTP/1.1" 200 8030
2025-04-21 18:27:01 INFO "GET /api/wbhotwordcloud?username=admin HTTP/1.1" 200 2673
2025-04-21 18:27:39 INFO "GET /api/wbhotwordcloud?username=admin HTTP/1.1" 200 2673
2025-04-21 18:27:42 INFO "GET /api/wbhotwordcloud?username=admin HTTP/1.1" 200 2673
2025-04-21 18:27:46 INFO "GET /api/wbhotwordcloud?username=admin HTTP/1.1" 200 2673
2025-04-21 18:27:59 INFO "GET /api/wbhotwordcloud?username=admin HTTP/1.1" 200 2673
2025-04-21 18:28:00 INFO "GET /api/wbhotwordcloud?username=admin HTTP/1.1" 200 2673
2025-04-21 18:28:01 INFO "GET /api/wbhotwordcloud?username=admin HTTP/1.1" 200 2673
2025-04-21 18:28:01 INFO "GET /api/wbhotwordcloud?username=admin HTTP/1.1" 200 2673
2025-04-21 18:28:02 INFO "GET /api/wbhotwordcloud?username=admin HTTP/1.1" 200 2673
2025-04-21 18:28:05 INFO "GET /api/wbhotwordcloud?username=admin HTTP/1.1" 200 2673
2025-04-21 18:32:07 INFO "GET /api/wbhotwordcloud?username=admin HTTP/1.1" 200 2673
2025-04-21 18:32:11 INFO "GET /api/wbhotwordcloud?username=admin HTTP/1.1" 200 2673
2025-04-21 18:32:17 INFO "GET /api/wbhotwordcloud?username=admin HTTP/1.1" 200 2673
2025-04-21 18:33:58 INFO "GET /api/wbhotwordcloud?username=admin HTTP/1.1" 200 2673
2025-04-21 18:34:01 INFO "GET /api/wbhotwordcloud?username=admin HTTP/1.1" 200 2673
2025-04-21 18:37:28 INFO "GET /api/wbhotwordcloud?username=admin HTTP/1.1" 200 2673
2025-04-21 18:37:32 INFO "GET /api/wbhotwordcloud?username=admin HTTP/1.1" 200 2673
2025-04-21 18:41:31 INFO "GET /api/wbhotwordcloud?username=admin HTTP/1.1" 200 2673
2025-04-21 18:41:35 INFO "GET /api/wbhotwordcloud?username=admin HTTP/1.1" 200 2673
2025-04-21 18:41:42 INFO "GET /api/wbhotwordcloud?username=admin HTTP/1.1" 200 2673
2025-04-21 18:43:37 INFO "GET /api/wbhotwordcloud?username=admin HTTP/1.1" 200 2673
2025-04-21 18:43:40 INFO "GET /api/wbhotwordcloud?username=admin HTTP/1.1" 200 2673
2025-04-21 18:45:28 INFO "GET /api/wbhotwordcloud?username=admin HTTP/1.1" 200 2673
2025-04-21 18:48:22 INFO "GET /api/wbhotwordcloud?username=admin HTTP/1.1" 200 2673
2025-04-21 18:49:19 INFO "GET /api/wbhotwordcloud?username=admin HTTP/1.1" 200 2673
2025-04-21 18:50:15 INFO "GET /api/wbhotwordcloud?username=admin HTTP/1.1" 200 2673
2025-04-21 18:50:19 INFO "GET /api/wbhotwordcloud?username=admin HTTP/1.1" 200 2673
2025-04-21 18:50:53 INFO /home/zhao/test/backend/api/api.py changed, reloading.
2025-04-21 18:50:54 INFO Watching for file changes with StatReloader
2025-04-21 18:51:01 INFO "GET /api/wbhotwordcloud?username=admin HTTP/1.1" 200 2290
2025-04-21 18:51:27 INFO "GET /api/wbhotwordcloud?username=admin HTTP/1.1" 200 2290
2025-04-21 18:53:30 INFO "GET /api/wbhotinfo?username=admin HTTP/1.1" 200 8030
2025-04-21 18:53:37 INFO "GET /api/wbhotwordcloud?username=admin HTTP/1.1" 200 2290
2025-04-21 18:53:48 INFO "GET /api/wbhotinfo?username=admin HTTP/1.1" 200 8030
2025-04-21 18:53:52 INFO "GET /api/wbhotwordcloud?username=admin HTTP/1.1" 200 2290
2025-04-21 18:53:53 INFO "GET /api/wbhotwordcloud?username=admin HTTP/1.1" 200 2290
2025-04-21 18:53:53 INFO "GET /api/wbhotsentiment?username=admin HTTP/1.1" 200 36044
2025-04-21 18:53:54 INFO "GET /api/pushtime?username=admin HTTP/1.1" 200 42
2025-04-21 18:53:55 INFO "GET /api/userinfo?username=admin HTTP/1.1" 200 203
2025-04-21 18:53:56 INFO "GET /api/crawltime?username=admin HTTP/1.1" 200 42
2025-04-21 18:53:56 INFO "GET /api/userlist?username=admin HTTP/1.1" 200 294
2025-04-21 18:53:57 INFO "GET /api/systemlog?username=admin HTTP/1.1" 200 5625
2025-04-21 18:53:57 INFO "GET /api/crawlerlog?username=admin HTTP/1.1" 200 172063
2025-04-21 18:54:01 INFO "GET /api/wbhotwordcloud?username=admin HTTP/1.1" 200 2290
2025-04-21 18:58:40 INFO "GET /api/wbhotwordcloud?username=admin HTTP/1.1" 200 2290
2025-04-21 18:58:46 INFO "GET /api/wbhotwordcloud?username=admin HTTP/1.1" 200 2290
2025-04-21 18:58:48 INFO "GET /api/wbhotinfo?username=admin HTTP/1.1" 200 8030
2025-04-21 18:58:49 INFO "GET /api/wbhotwordcloud?username=admin HTTP/1.1" 200 2290
2025-04-21 18:59:17 INFO "GET /api/wbhotwordcloud?username=admin HTTP/1.1" 200 2290
2025-04-21 18:59:22 INFO "GET /api/wbhotwordcloud?username=admin HTTP/1.1" 200 2290
2025-04-21 19:00:42 INFO "GET /api/wbhotwordcloud?username=admin HTTP/1.1" 200 2290
2025-04-21 19:00:46 INFO "GET /api/wbhotwordcloud?username=admin HTTP/1.1" 200 2290
2025-04-21 19:00:57 INFO "GET /api/wbhotwordcloud?username=admin HTTP/1.1" 200 2290
2025-04-21 19:00:59 INFO "GET /api/wbhotwordcloud?username=admin HTTP/1.1" 200 2290
2025-04-21 19:05:06 INFO "GET /api/wbhotwordcloud?username=admin HTTP/1.1" 200 2290
2025-04-21 19:05:10 INFO "GET /api/wbhotwordcloud?username=admin HTTP/1.1" 200 2290
2025-04-21 19:05:36 INFO "GET /api/wbhotwordcloud?username=admin HTTP/1.1" 200 2290
2025-04-21 19:05:42 INFO "GET /api/wbhotwordcloud?username=admin HTTP/1.1" 200 2290
2025-04-21 19:07:50 INFO "GET /api/wbhotinfo?username=admin HTTP/1.1" 200 8030
2025-04-21 19:07:51 INFO "GET /api/wbhotwordcloud?username=admin HTTP/1.1" 200 2290
2025-04-21 19:07:52 INFO "GET /api/wbhotsentiment?username=admin HTTP/1.1" 200 36044
2025-04-21 19:07:55 INFO "GET /api/wbhotwordcloud?username=admin HTTP/1.1" 200 2290
2025-04-21 19:07:56 INFO "GET /api/wbhotinfo?username=admin HTTP/1.1" 200 8030
2025-04-21 19:07:56 INFO "GET /api/wbhotwordcloud?username=admin HTTP/1.1" 200 2290
2025-04-21 19:51:28 INFO "GET /api/wbhotwordcloud?username=admin HTTP/1.1" 200 2290
2025-04-21 20:55:15 INFO "GET /api/wbhotwordcloud?username=admin HTTP/1.1" 200 2290
2025-04-21 21:21:32 INFO "GET /api/wbhotwordcloud?username=admin HTTP/1.1" 200 2290
2025-04-21 21:21:54 INFO "GET /api/wbhotwordcloud?username=admin HTTP/1.1" 200 2290
2025-04-21 21:22:42 INFO "GET /api/wbhotwordcloud?username=admin HTTP/1.1" 200 2290
2025-04-21 21:23:23 INFO /home/zhao/test/backend/api/api.py changed, reloading.
2025-04-21 21:23:28 INFO Watching for file changes with StatReloader
2025-04-21 21:23:37 INFO "GET /api/wbhotwordcloud?username=admin HTTP/1.1" 200 2673
2025-04-21 21:26:06 INFO "GET /api/wbhotinfo?username=admin HTTP/1.1" 200 8030
2025-04-21 21:26:31 INFO "GET /api/wbhotwordcloud?username=admin HTTP/1.1" 200 2673
2025-04-21 21:26:31 INFO "GET /api/wbhotsentiment?username=admin HTTP/1.1" 200 36044
2025-04-21 21:26:33 INFO "GET /api/bdhotsentiment?username=admin HTTP/1.1" 200 35398
2025-04-21 21:26:33 INFO "GET /api/bdhotwordcloud?username=admin HTTP/1.1" 200 227388
2025-04-21 21:26:34 INFO "GET /api/blhotsentiment?username=admin HTTP/1.1" 200 35088
2025-04-21 21:26:34 INFO "GET /api/blhotwordcloud?username=admin HTTP/1.1" 200 252375
2025-04-21 21:26:35 INFO "GET /api/wbhotwordcloud?username=admin HTTP/1.1" 200 2673
2025-04-21 21:26:37 INFO "GET /api/wbhotwordcloud?username=admin HTTP/1.1" 200 2673
2025-04-21 21:26:39 INFO "GET /api/wbhotinfo?username=admin HTTP/1.1" 200 8030
2025-04-21 21:26:40 INFO "GET /api/wbhotwordcloud?username=admin HTTP/1.1" 200 2673
2025-04-21 21:26:42 INFO "GET /api/wbhotinfo?username=admin HTTP/1.1" 200 8030
2025-04-21 21:26:43 INFO "GET /api/wbhotwordcloud?username=admin HTTP/1.1" 200 2673
2025-04-21 21:26:46 INFO "GET /api/wbhotinfo?username=admin HTTP/1.1" 200 8030
2025-04-21 21:26:47 INFO "GET /api/wbhotwordcloud?username=admin HTTP/1.1" 200 2673
2025-04-21 21:26:48 INFO "GET /api/wbhotinfo?username=admin HTTP/1.1" 200 8030
2025-04-21 21:26:49 INFO "GET /api/wbhotwordcloud?username=admin HTTP/1.1" 200 2673
2025-04-21 21:27:21 INFO "GET /api/wbhotwordcloud?username=admin HTTP/1.1" 200 2673
2025-04-21 21:27:21 INFO "GET /api/wbhotsentiment?username=admin HTTP/1.1" 200 36044
2025-04-21 21:27:23 INFO "GET /api/wbhotwordcloud?username=admin HTTP/1.1" 200 2673
2025-04-21 21:40:53 INFO "GET /api/wbhotwordcloud?username=admin HTTP/1.1" 200 2673
2025-04-21 21:41:13 INFO "GET /api/wbhotwordcloud?username=admin HTTP/1.1" 200 2673
2025-04-21 21:41:19 INFO "GET /api/wbhotwordcloud?username=admin HTTP/1.1" 200 2673
2025-04-21 21:59:35 INFO "GET /api/wbhotinfo?username=admin HTTP/1.1" 200 8030
2025-04-21 21:59:37 INFO "GET /api/wbhotwordcloud?username=admin HTTP/1.1" 200 2673
2025-04-21 22:03:39 INFO "GET /api/wbhotwordcloud?username=admin HTTP/1.1" 200 2673
2025-04-21 22:27:34 INFO "GET /api/wbhotwordcloud?username=admin HTTP/1.1" 200 2673
2025-04-21 22:27:42 INFO "GET /api/wbhotinfo?username=admin HTTP/1.1" 200 8030
2025-04-21 22:27:43 INFO "GET /api/wbhotwordcloud?username=admin HTTP/1.1" 200 2673
2025-04-21 22:27:44 INFO "GET /api/wbhotwordcloud?username=admin HTTP/1.1" 200 2673
2025-04-21 22:27:44 INFO "GET /api/wbhotsentiment?username=admin HTTP/1.1" 200 36044
2025-04-21 22:27:45 INFO "GET /api/pushtime?username=admin HTTP/1.1" 200 42
2025-04-21 22:27:46 INFO "GET /api/userinfo?username=admin HTTP/1.1" 200 203
2025-04-21 22:27:46 INFO "GET /api/crawltime?username=admin HTTP/1.1" 200 42
2025-04-21 22:27:47 INFO "GET /api/userlist?username=admin HTTP/1.1" 200 294
2025-04-21 22:27:47 INFO "GET /api/systemlog?username=admin HTTP/1.1" 200 11268
2025-04-21 22:27:47 INFO "GET /api/crawlerlog?username=admin HTTP/1.1" 200 172063
2025-04-21 22:27:49 INFO "GET /api/wbhotwordcloud?username=admin HTTP/1.1" 200 2673
2025-04-21 22:54:58 INFO "GET /api/wbhotwordcloud?username=admin HTTP/1.1" 200 2673
2025-04-21 23:18:38 INFO "GET /api/wbhotwordcloud?username=admin HTTP/1.1" 200 2673
2025-04-21 23:29:48 INFO "GET /api/wbhotwordcloud?username=admin HTTP/1.1" 200 2673
2025-04-23 20:04:17 INFO Watching for file changes with StatReloader
2025-04-23 20:04:34 INFO "GET /api/wbhotwordcloud?username=admin HTTP/1.1" 200 2673
2025-04-23 20:04:37 INFO "GET /api/wbhotwordcloud?username=admin HTTP/1.1" 200 2673
2025-04-23 20:04:41 INFO "GET /api/wbhotwordcloud?username=admin HTTP/1.1" 200 2673
2025-04-23 20:04:55 INFO "GET /admin HTTP/1.1" 301 0
2025-04-23 20:04:55 INFO "GET /admin/ HTTP/1.1" 200 12024
2025-04-23 20:04:56 INFO "GET /static/admin/css/dark_mode.css HTTP/1.1" 200 2804
2025-04-23 20:04:56 INFO "GET /static/admin/css/nav_sidebar.css HTTP/1.1" 200 2810
2025-04-23 20:04:56 INFO "GET /static/admin/css/dashboard.css HTTP/1.1" 200 441
2025-04-23 20:04:56 INFO "GET /static/admin/js/theme.js HTTP/1.1" 200 1653
2025-04-23 20:04:56 INFO "GET /static/admin/css/base.css HTTP/1.1" 200 22092
2025-04-23 20:04:56 INFO "GET /static/admin/css/responsive.css HTTP/1.1" 200 17972
2025-04-23 20:04:56 INFO "GET /static/admin/js/nav_sidebar.js HTTP/1.1" 200 3063
2025-04-23 20:04:56 INFO "GET /static/admin/img/icon-changelink.svg HTTP/1.1" 200 380
2025-04-23 20:04:56 INFO "GET /static/admin/img/icon-addlink.svg HTTP/1.1" 200 331
2025-04-23 20:04:56 INFO "GET /static/admin/img/icon-deletelink.svg HTTP/1.1" 200 392
2025-04-23 20:04:56 WARNING Not Found: /favicon.ico
2025-04-23 20:04:56 WARNING "GET /favicon.ico HTTP/1.1" 404 2356
2025-04-23 20:04:58 WARNING Not Found: /
2025-04-23 20:04:58 WARNING "GET / HTTP/1.1" 404 2305
2025-04-23 20:05:01 WARNING Not Found: /
2025-04-23 20:05:01 WARNING "GET / HTTP/1.1" 404 2305
2025-04-23 20:05:04 WARNING Not Found: /
2025-04-23 20:05:04 WARNING "GET / HTTP/1.1" 404 2305
2025-04-23 20:05:05 WARNING Not Found: /
2025-04-23 20:05:05 WARNING "GET / HTTP/1.1" 404 2305
2025-04-23 20:05:17 INFO "GET /api/wbhotinfo?username=admin HTTP/1.1" 200 8030
2025-04-23 20:05:18 INFO "GET /api/wbhotwordcloud?username=admin HTTP/1.1" 200 2673
2025-04-23 20:06:42 INFO "GET /api/wbhotwordcloud?username=admin HTTP/1.1" 200 2673
2025-04-23 20:09:06 INFO "GET /api/wbhotinfo?username=admin HTTP/1.1" 200 8030
2025-04-23 20:11:23 INFO "GET /api/wbhotinfo?username=admin HTTP/1.1" 200 8030
2025-04-23 20:11:24 INFO "GET /api/wbhotwordcloud?username=admin HTTP/1.1" 200 2673
2025-04-23 20:11:28 INFO "GET /api/wbhotinfo?username=admin HTTP/1.1" 200 8030
2025-04-23 20:11:30 INFO "GET /api/blhotinfo?username=admin HTTP/1.1" 200 7654
2025-04-23 20:11:33 INFO "GET /api/bdhotinfo?username=admin HTTP/1.1" 200 10147
2025-04-23 20:11:35 INFO "GET /api/wbhotinfo?username=admin HTTP/1.1" 200 8030
2025-04-23 20:11:36 INFO "GET /api/wbhotwordcloud?username=admin HTTP/1.1" 200 2673
2025-04-23 20:11:37 INFO "GET /api/wbhotsentiment?username=admin HTTP/1.1" 200 36044
2025-04-23 20:11:38 INFO "GET /api/pushtime?username=admin HTTP/1.1" 200 42
2025-04-23 20:11:39 INFO "GET /api/userinfo?username=admin HTTP/1.1" 200 203
2025-04-23 20:11:39 INFO "GET /api/crawltime?username=admin HTTP/1.1" 200 42
2025-04-23 20:11:40 INFO "GET /api/userinfo?username=admin HTTP/1.1" 200 203
2025-04-23 20:11:45 INFO "GET /api/crawltime?username=admin HTTP/1.1" 200 42
2025-04-23 20:11:46 INFO "GET /api/userlist?username=admin HTTP/1.1" 200 294
2025-04-23 20:11:48 INFO "GET /api/systemlog?username=admin HTTP/1.1" 200 15084
2025-04-23 20:11:48 INFO "GET /api/crawlerlog?username=admin HTTP/1.1" 200 172063
2025-04-23 20:11:50 INFO "GET /api/wbhotwordcloud?username=admin HTTP/1.1" 200 2673
2025-04-23 20:19:12 INFO "GET /api/crawltime?username=admin HTTP/1.1" 200 42
2025-04-23 20:19:13 INFO "GET /api/wbhotwordcloud?username=admin HTTP/1.1" 200 2673
2025-04-23 20:19:13 INFO "GET /api/wbhotsentiment?username=admin HTTP/1.1" 200 36044
2025-04-23 20:26:10 INFO "GET /api/wbhotwordcloud?username=admin HTTP/1.1" 200 2673
2025-04-23 20:26:11 INFO "GET /api/wbhotsentiment?username=admin HTTP/1.1" 200 36044
2025-04-23 20:26:12 INFO "GET /api/wbhotwordcloud?username=admin HTTP/1.1" 200 2673
2025-04-23 20:26:17 INFO "GET /api/wbhotwordcloud?username=admin HTTP/1.1" 200 2673
2025-04-23 20:27:39 INFO "GET /api/wbhotwordcloud?username=admin HTTP/1.1" 200 2673
2025-04-23 20:27:43 INFO "GET /api/wbhotwordcloud?username=admin HTTP/1.1" 200 2673
2025-04-23 20:29:32 INFO "GET /api/wbhotwordcloud?username=admin HTTP/1.1" 200 2673
